<?xml version="1.0" encoding="UTF-8" ?>
<testsuites>
<testsuite name="When something happens" errors="0" tests="1" failures="0" time="0.004" timestamp="2016-09-10T19:17:17">
  <testcase classname="When something happens" name="Should true" time="0.004"></testcase>
</testsuite>
</testsuites>