<?xml version="1.0" encoding="UTF-8" ?>
<testsuites>
<testsuite name="When the database is up to date" errors="0" tests="1" failures="0" time="0" timestamp="2016-09-10T19:34:22">
  <testcase classname="When the database is up to date" name="Should be false as they were updated at the same time" time="0"></testcase>
</testsuite>
</testsuites>