<?xml version="1.0" encoding="UTF-8" ?>
<testsuites>
<testsuite name="When something from app proj happens" errors="0" tests="1" failures="1" time="0.012" timestamp="2016-09-10T19:20:37">
  <testcase classname="When something from app proj happens" name="Should be true" time="0.006"><failure type="expect" message="Expected false to equal true.">Error: Expected false to equal true.
    at new jasmine.ExpectationResult (C:\code\gfentimencom\node_modules\jasmine-node\lib\jasmine-node/jasmine-1.3.1.js:114:32)
    at null.toEqual (C:\code\gfentimencom\node_modules\jasmine-node\lib\jasmine-node/jasmine-1.3.1.js:1316:29)
    at null.&amp;lt;anonymous&amp;gt; (C:\code\gfentimencom\spec\hasBlogPostBeenUpdatedQuerySpec.js:10:24)
    at jasmine.Block.execute (C:\code\gfentimencom\node_modules\jasmine-node\lib\jasmine-node/jasmine-1.3.1.js:1145:17)
    at jasmine.Queue.next_ (C:\code\gfentimencom\node_modules\jasmine-node\lib\jasmine-node/jasmine-1.3.1.js:2177:31)
    at null._onTimeout (C:\code\gfentimencom\node_modules\jasmine-node\lib\jasmine-node/jasmine-1.3.1.js:2167:18)
    at Timer.listOnTimeout (timers.js:92:15)</failure></testcase>
</testsuite>
</testsuites>